<?xml version="1.0" encoding="UTF-8"?>
<testng-results ignored="0" total="1" passed="1" failed="0" skipped="0">
  <reporter-output>
  </reporter-output>
  <suite started-at="2025-03-19T17:44:57 IST" name="Surefire suite" finished-at="2025-03-19T17:44:57 IST" duration-ms="6">
    <groups>
    </groups>
    <test started-at="2025-03-19T17:44:57 IST" name="Surefire test" finished-at="2025-03-19T17:44:57 IST" duration-ms="6">
      <class name="Capstone_project_march.Capstone_project_march.AppTest">
        <test-method signature="testApp()[pri:0, instance:testApp(Capstone_project_march.Capstone_project_march.AppTest)]" started-at="2025-03-19T17:44:57 IST" name="testApp" finished-at="2025-03-19T17:44:57 IST" duration-ms="1" status="PASS">
          <reporter-output>
          </reporter-output>
        </test-method> <!-- testApp -->
      </class> <!-- Capstone_project_march.Capstone_project_march.AppTest -->
    </test> <!-- Surefire test -->
  </suite> <!-- Surefire suite -->
</testng-results>
