<?xml version="1.0" encoding="UTF-8"?>
<testng-results ignored="0" total="2" passed="2" failed="0" skipped="0">
  <reporter-output>
  </reporter-output>
  <suite started-at="2025-03-24T13:13:33 IST" name="Suite" finished-at="2025-03-24T13:14:47 IST" duration-ms="73942">
    <groups>
    </groups>
    <test started-at="2025-03-24T13:13:33 IST" name="Test" finished-at="2025-03-24T13:14:47 IST" duration-ms="73942">
      <class name="testPages.CartTest1">
        <test-method is-config="true" signature="setUp(java.lang.String)[pri:0, instance:testPages.CartTest1@78e94dcf]" started-at="2025-03-24T13:13:57 IST" name="setUp" finished-at="2025-03-24T13:14:02 IST" duration-ms="5196" status="PASS">
          <params>
            <param index="0">
              <value>
                <![CDATA[chrome]]>
              </value>
            </param>
          </params>
          <reporter-output>
          </reporter-output>
        </test-method> <!-- setUp -->
        <test-method signature="testingthecart()[pri:2, instance:testPages.CartTest1@78e94dcf]" started-at="2025-03-24T13:14:02 IST" name="testingthecart" finished-at="2025-03-24T13:14:46 IST" duration-ms="44056" status="PASS">
          <reporter-output>
          </reporter-output>
        </test-method> <!-- testingthecart -->
        <test-method is-config="true" signature="closeDownbrowser()[pri:0, instance:testPages.CartTest1@78e94dcf]" started-at="2025-03-24T13:14:46 IST" name="closeDownbrowser" finished-at="2025-03-24T13:14:47 IST" duration-ms="878" status="PASS">
          <reporter-output>
          </reporter-output>
        </test-method> <!-- closeDownbrowser -->
      </class> <!-- testPages.CartTest1 -->
      <class name="testPages.CartTest">
        <test-method is-config="true" signature="setUp(java.lang.String)[pri:0, instance:testPages.CartTest@37918c79]" started-at="2025-03-24T13:13:33 IST" name="setUp" finished-at="2025-03-24T13:13:42 IST" duration-ms="9085" status="PASS">
          <params>
            <param index="0">
              <value>
                <![CDATA[chrome]]>
              </value>
            </param>
          </params>
          <reporter-output>
          </reporter-output>
        </test-method> <!-- setUp -->
        <test-method signature="testingthecart()[pri:2, instance:testPages.CartTest@37918c79]" started-at="2025-03-24T13:13:42 IST" name="testingthecart" finished-at="2025-03-24T13:13:56 IST" duration-ms="13068" status="PASS">
          <reporter-output>
          </reporter-output>
        </test-method> <!-- testingthecart -->
        <test-method is-config="true" signature="closeDownbrowser()[pri:0, instance:testPages.CartTest@37918c79]" started-at="2025-03-24T13:13:56 IST" name="closeDownbrowser" finished-at="2025-03-24T13:13:57 IST" duration-ms="1605" status="PASS">
          <reporter-output>
          </reporter-output>
        </test-method> <!-- closeDownbrowser -->
      </class> <!-- testPages.CartTest -->
    </test> <!-- Test -->
  </suite> <!-- Suite -->
</testng-results>
