<?xml version="1.0" encoding="UTF-8"?>
<testng-results ignored="0" total="2" passed="2" failed="0" skipped="0">
  <reporter-output>
  </reporter-output>
  <suite started-at="2025-03-25T11:10:30 IST" name="Suite" finished-at="2025-03-25T11:11:40 IST" duration-ms="70407">
    <groups>
      <group name="cucumber">
        <method signature="AbstractTestNGCucumberTests.runScenario(io.cucumber.testng.PickleWrapper,io.cucumber.testng.FeatureWrapper)[pri:0, instance:runner.RegisterRunBdd@74e28667]" name="runScenario" class="io.cucumber.testng.AbstractTestNGCucumberTests"/>
      </group> <!-- cucumber -->
    </groups>
    <test started-at="2025-03-25T11:10:30 IST" name="Test" finished-at="2025-03-25T11:11:40 IST" duration-ms="70407">
      <class name="runner.RegisterRunBdd">
        <test-method is-config="true" signature="setUpClass(org.testng.ITestContext)[pri:0, instance:runner.RegisterRunBdd@74e28667]" started-at="2025-03-25T11:10:30 IST" name="setUpClass" finished-at="2025-03-25T11:10:31 IST" duration-ms="1025" status="PASS">
          <params>
            <param index="0">
              <value>
                <![CDATA[org.testng.TestRunner@3c7b137a]]>
              </value>
            </param>
          </params>
          <reporter-output>
          </reporter-output>
        </test-method> <!-- setUpClass -->
        <test-method signature="runScenario(io.cucumber.testng.PickleWrapper,io.cucumber.testng.FeatureWrapper)[pri:0, instance:runner.RegisterRunBdd@74e28667]" started-at="2025-03-25T11:10:31 IST" name="runScenario" description="Runs Cucumber Scenarios" data-provider="scenarios" finished-at="2025-03-25T11:10:48 IST" duration-ms="17027" status="PASS">
          <params>
            <param index="0">
              <value>
                <![CDATA["Successful registration with all required fields"]]>
              </value>
            </param>
            <param index="1">
              <value>
                <![CDATA["User Registration"]]>
              </value>
            </param>
          </params>
          <reporter-output>
          </reporter-output>
        </test-method> <!-- runScenario -->
        <test-method is-config="true" signature="tearDownClass()[pri:0, instance:runner.RegisterRunBdd@74e28667]" started-at="2025-03-25T11:10:48 IST" name="tearDownClass" finished-at="2025-03-25T11:10:48 IST" duration-ms="33" status="PASS">
          <reporter-output>
          </reporter-output>
        </test-method> <!-- tearDownClass -->
      </class> <!-- runner.RegisterRunBdd -->
      <class name="testPages.CartTest">
        <test-method is-config="true" signature="setUp(java.lang.String)[pri:0, instance:testPages.CartTest@75437611]" started-at="2025-03-25T11:10:48 IST" name="setUp" finished-at="2025-03-25T11:10:55 IST" duration-ms="7032" status="PASS">
          <params>
            <param index="0">
              <value>
                <![CDATA[chrome]]>
              </value>
            </param>
          </params>
          <reporter-output>
          </reporter-output>
        </test-method> <!-- setUp -->
        <test-method signature="testingthecart()[pri:2, instance:testPages.CartTest@75437611]" started-at="2025-03-25T11:10:55 IST" name="testingthecart" finished-at="2025-03-25T11:11:39 IST" duration-ms="43811" status="PASS">
          <reporter-output>
          </reporter-output>
        </test-method> <!-- testingthecart -->
        <test-method is-config="true" signature="closeDownbrowser()[pri:0, instance:testPages.CartTest@75437611]" started-at="2025-03-25T11:11:39 IST" name="closeDownbrowser" finished-at="2025-03-25T11:11:40 IST" duration-ms="1235" status="PASS">
          <reporter-output>
          </reporter-output>
        </test-method> <!-- closeDownbrowser -->
      </class> <!-- testPages.CartTest -->
    </test> <!-- Test -->
  </suite> <!-- Suite -->
</testng-results>
