<?xml version="1.0" encoding="UTF-8"?>
<testng-results ignored="0" total="1" passed="1" failed="0" skipped="0">
  <reporter-output>
  </reporter-output>
  <suite started-at="2025-03-22T14:52:39 IST" name="Suite" finished-at="2025-03-22T14:53:02 IST" duration-ms="22708">
    <groups>
    </groups>
    <test started-at="2025-03-22T14:52:39 IST" name="Test" finished-at="2025-03-22T14:53:02 IST" duration-ms="22708">
      <class name="testPages.CartTest">
        <test-method is-config="true" signature="setUp(java.lang.String)[pri:0, instance:testPages.CartTest@34e9fd99]" started-at="2025-03-22T14:52:39 IST" name="setUp" finished-at="2025-03-22T14:52:48 IST" duration-ms="8917" status="PASS">
          <params>
            <param index="0">
              <value>
                <![CDATA[firefox]]>
              </value>
            </param>
          </params>
          <reporter-output>
          </reporter-output>
        </test-method> <!-- setUp -->
        <test-method signature="testingthecart()[pri:2, instance:testPages.CartTest@34e9fd99]" started-at="2025-03-22T14:52:48 IST" name="testingthecart" finished-at="2025-03-22T14:53:00 IST" duration-ms="12461" status="PASS">
          <reporter-output>
          </reporter-output>
        </test-method> <!-- testingthecart -->
        <test-method is-config="true" signature="closeDownbrowser()[pri:0, instance:testPages.CartTest@34e9fd99]" started-at="2025-03-22T14:53:00 IST" name="closeDownbrowser" finished-at="2025-03-22T14:53:02 IST" duration-ms="1297" status="PASS">
          <reporter-output>
          </reporter-output>
        </test-method> <!-- closeDownbrowser -->
      </class> <!-- testPages.CartTest -->
    </test> <!-- Test -->
  </suite> <!-- Suite -->
</testng-results>
